TN:
SF:src\index.ts
FNF:0
FNH:0
DA:1,1
DA:2,1
DA:3,1
DA:4,1
DA:5,1
DA:6,1
DA:7,1
DA:8,1
DA:9,1
DA:10,1
DA:11,1
DA:12,1
DA:13,1
DA:14,1
DA:15,1
DA:16,1
DA:17,1
DA:18,1
DA:19,1
DA:20,1
DA:21,1
DA:22,1
DA:23,1
DA:24,1
DA:25,1
DA:26,0
DA:27,0
DA:28,0
DA:29,0
DA:30,0
DA:31,0
DA:32,0
DA:33,0
DA:34,1
DA:35,1
DA:36,1
LF:36
LH:28
BRF:0
BRH:0
end_of_record
TN:
SF:src\__test__\sessionController\SessionMock.ts
FNF:0
FNH:0
DA:1,1
DA:2,1
DA:3,1
DA:4,1
DA:5,1
DA:6,1
DA:7,1
DA:8,1
DA:9,1
LF:9
LH:9
BRF:0
BRH:0
end_of_record
TN:
SF:src\__test__\sessionController\SessionWrongMock.ts
FNF:0
FNH:0
DA:1,1
DA:2,1
DA:3,1
DA:4,1
DA:5,1
DA:6,1
DA:7,1
DA:8,1
DA:9,1
LF:9
LH:9
BRF:0
BRH:0
end_of_record
TN:
SF:src\__test__\userController\UserMock.ts
FNF:0
FNH:0
DA:1,1
DA:2,1
DA:3,1
DA:4,1
DA:5,1
DA:6,1
DA:7,1
DA:8,1
DA:9,1
DA:10,1
DA:11,1
LF:11
LH:11
BRF:0
BRH:0
end_of_record
TN:
SF:src\__test__\userController\UserWrongMock.ts
FNF:0
FNH:0
DA:1,1
DA:2,1
DA:3,1
DA:4,1
DA:5,1
DA:6,1
DA:7,1
DA:8,1
DA:9,1
DA:10,1
DA:11,1
DA:12,1
DA:13,1
DA:14,1
DA:15,1
DA:16,1
DA:17,1
DA:18,1
DA:19,1
DA:20,1
DA:21,1
DA:22,1
DA:23,1
LF:23
LH:23
BRF:0
BRH:0
end_of_record
TN:
SF:src\controllers\sessionController\SessionController.ts
FN:7,create
FNF:1
FNH:1
FNDA:4,create
DA:1,1
DA:2,1
DA:3,1
DA:4,1
DA:5,1
DA:6,1
DA:7,1
DA:8,4
DA:9,4
DA:10,4
DA:11,4
DA:12,1
DA:13,1
DA:14,3
DA:15,4
DA:16,2
DA:17,2
DA:18,1
DA:19,4
DA:20,1
DA:21,4
DA:22,0
DA:23,0
DA:24,1
DA:25,4
DA:26,4
DA:27,0
DA:28,0
DA:29,4
DA:30,1
LF:30
LH:26
BRDA:7,0,0,4
BRDA:11,1,0,3
BRDA:11,2,0,1
BRDA:14,3,0,3
BRDA:15,4,0,2
BRDA:18,5,0,1
BRDA:19,6,0,0
BRDA:19,7,0,1
BRDA:20,8,0,1
BRDA:21,9,0,0
BRDA:24,10,0,1
BRDA:25,11,0,0
BRDA:26,12,0,0
BRF:13
BRH:9
end_of_record
TN:
SF:src\controllers\userController\UserController.ts
FN:6,hashPassword
FN:17,create
FNF:2
FNH:2
FNDA:4,hashPassword
FNDA:10,create
DA:1,1
DA:2,1
DA:3,1
DA:4,1
DA:5,1
DA:6,1
DA:7,4
DA:8,4
DA:9,4
DA:10,4
DA:11,4
DA:12,0
DA:13,0
DA:14,4
DA:15,1
DA:16,1
DA:17,1
DA:18,10
DA:19,10
DA:20,10
DA:21,10
DA:22,1
DA:23,1
DA:24,9
DA:25,10
DA:26,1
DA:27,1
DA:28,8
DA:29,8
DA:30,10
DA:31,4
DA:32,4
DA:33,4
DA:34,4
DA:35,4
DA:36,4
DA:37,4
DA:38,4
DA:39,4
DA:40,4
DA:41,4
DA:42,4
DA:43,1
DA:44,4
DA:45,3
DA:46,3
DA:47,4
DA:48,10
DA:49,0
DA:50,0
DA:51,10
DA:52,1
LF:52
LH:48
BRDA:6,0,0,4
BRDA:6,1,0,4
BRDA:11,2,0,0
BRDA:17,3,0,10
BRDA:21,4,0,2
BRDA:21,5,0,1
BRDA:24,6,0,9
BRDA:25,7,0,8
BRDA:25,8,0,8
BRDA:25,9,0,1
BRDA:28,10,0,8
BRDA:30,11,0,4
BRDA:48,12,0,0
BRDA:41,13,0,4
BRDA:42,14,0,1
BRDA:44,15,0,3
BRF:16
BRH:14
end_of_record
TN:
SF:src\models\userModel\userModel.ts
FNF:0
FNH:0
DA:1,1
DA:2,1
DA:3,1
DA:4,1
DA:5,1
DA:6,1
DA:7,1
DA:8,1
DA:9,1
DA:10,1
DA:11,1
DA:12,1
DA:13,1
DA:14,1
DA:15,1
DA:16,1
DA:17,1
DA:18,1
DA:19,1
DA:20,1
DA:21,1
DA:22,1
DA:23,1
DA:24,1
DA:25,1
DA:26,1
DA:27,1
DA:28,1
DA:29,1
DA:30,1
DA:31,1
DA:32,1
DA:33,1
DA:34,1
DA:35,1
DA:36,1
DA:37,1
DA:38,1
DA:39,1
DA:40,1
DA:41,1
DA:42,1
DA:43,1
DA:44,1
DA:45,1
DA:46,1
DA:47,1
DA:48,1
DA:49,1
DA:50,1
DA:51,1
DA:52,1
DA:53,1
DA:54,1
DA:55,1
DA:56,1
DA:57,1
LF:57
LH:57
BRF:0
BRH:0
end_of_record
TN:
SF:src\routes\Router.ts
FNF:0
FNH:0
DA:1,1
DA:2,1
DA:3,1
DA:4,1
DA:5,1
DA:6,1
DA:7,1
DA:8,1
LF:8
LH:8
BRF:0
BRH:0
end_of_record
