<?xml version="1.0" encoding="UTF-8"?>
<coverage generated="1676772944167" clover="3.2.0">
  <project timestamp="1676772944168" name="All files">
    <metrics statements="12" coveredstatements="9" conditionals="4" coveredconditionals="2" methods="6" coveredmethods="3" elements="22" coveredelements="14" complexity="0" loc="12" ncloc="12" packages="3" files="3" classes="3"/>
    <package name="components.titleInput">
      <metrics statements="2" coveredstatements="2" conditionals="0" coveredconditionals="0" methods="1" coveredmethods="1"/>
      <file name="TitleInput.tsx" path="C:\Users\Raul\Desktop\Projetos\girsu-kingdom\client\src\components\titleInput\TitleInput.tsx">
        <metrics statements="2" coveredstatements="2" conditionals="0" coveredconditionals="0" methods="1" coveredmethods="1"/>
        <line num="9" count="1" type="stmt"/>
        <line num="10" count="3" type="stmt"/>
      </file>
    </package>
    <package name="components.titlePasswordInput">
      <metrics statements="4" coveredstatements="3" conditionals="4" coveredconditionals="2" methods="2" coveredmethods="1"/>
      <file name="TitlePasswordInput.tsx" path="C:\Users\Raul\Desktop\Projetos\girsu-kingdom\client\src\components\titlePasswordInput\TitlePasswordInput.tsx">
        <metrics statements="4" coveredstatements="3" conditionals="4" coveredconditionals="2" methods="2" coveredmethods="1"/>
        <line num="8" count="1" type="stmt"/>
        <line num="9" count="3" type="stmt"/>
        <line num="10" count="3" type="stmt"/>
        <line num="30" count="0" type="stmt"/>
      </file>
    </package>
    <package name="pages.login">
      <metrics statements="6" coveredstatements="4" conditionals="0" coveredconditionals="0" methods="3" coveredmethods="1"/>
      <file name="Login.tsx" path="C:\Users\Raul\Desktop\Projetos\girsu-kingdom\client\src\pages\login\Login.tsx">
        <metrics statements="6" coveredstatements="4" conditionals="0" coveredconditionals="0" methods="3" coveredmethods="1"/>
        <line num="8" count="1" type="stmt"/>
        <line num="9" count="3" type="stmt"/>
        <line num="10" count="3" type="stmt"/>
        <line num="12" count="3" type="stmt"/>
        <line num="23" count="0" type="stmt"/>
        <line num="24" count="0" type="stmt"/>
      </file>
    </package>
  </project>
</coverage>
