{"C:\\Users\\Raul\\Desktop\\Projetos\\girsu-kingdom\\client\\src\\components\\titleInput\\TitleInput.tsx": {"path":"C:\\Users\\Raul\\Desktop\\Projetos\\girsu-kingdom\\client\\src\\components\\titleInput\\TitleInput.tsx","statementMap":{"0":{"start":{"line":9,"column":44},"end":{"line":28,"column":1}},"1":{"start":{"line":10,"column":2},"end":{"line":27,"column":4}}},"fnMap":{"0":{"name":"(anonymous_0)","decl":{"start":{"line":9,"column":44},"end":{"line":9,"column":45}},"loc":{"start":{"line":9,"column":69},"end":{"line":28,"column":1}},"line":9}},"branchMap":{},"s":{"0":1,"1":3},"f":{"0":3},"b":{},"_coverageSchema":"1a1c01bbd47fc00a2c39e90264f33305004495a9","hash":"f380881e194dd770b43d69ea44edd9f8bca223dd"}
,"C:\\Users\\Raul\\Desktop\\Projetos\\girsu-kingdom\\client\\src\\components\\titlePasswordInput\\TitlePasswordInput.tsx": {"path":"C:\\Users\\Raul\\Desktop\\Projetos\\girsu-kingdom\\client\\src\\components\\titlePasswordInput\\TitlePasswordInput.tsx","statementMap":{"0":{"start":{"line":8,"column":52},"end":{"line":41,"column":1}},"1":{"start":{"line":9,"column":26},"end":{"line":9,"column":41}},"2":{"start":{"line":10,"column":2},"end":{"line":40,"column":4}},"3":{"start":{"line":30,"column":25},"end":{"line":30,"column":39}}},"fnMap":{"0":{"name":"(anonymous_0)","decl":{"start":{"line":8,"column":52},"end":{"line":8,"column":53}},"loc":{"start":{"line":8,"column":70},"end":{"line":41,"column":1}},"line":8},"1":{"name":"(anonymous_1)","decl":{"start":{"line":30,"column":19},"end":{"line":30,"column":20}},"loc":{"start":{"line":30,"column":25},"end":{"line":30,"column":39}},"line":30}},"branchMap":{"0":{"loc":{"start":{"line":21,"column":16},"end":{"line":21,"column":42}},"type":"cond-expr","locations":[{"start":{"line":21,"column":23},"end":{"line":21,"column":29}},{"start":{"line":21,"column":32},"end":{"line":21,"column":42}}],"line":21},"1":{"loc":{"start":{"line":36,"column":11},"end":{"line":36,"column":56}},"type":"cond-expr","locations":[{"start":{"line":36,"column":18},"end":{"line":36,"column":31}},{"start":{"line":36,"column":34},"end":{"line":36,"column":56}}],"line":36}},"s":{"0":1,"1":3,"2":3,"3":0},"f":{"0":3,"1":0},"b":{"0":[0,3],"1":[0,3]},"_coverageSchema":"1a1c01bbd47fc00a2c39e90264f33305004495a9","hash":"9e322a10b1a3d0ebb56d0ef919ba2741db4fdac8"}
,"C:\\Users\\Raul\\Desktop\\Projetos\\girsu-kingdom\\client\\src\\pages\\login\\Login.tsx": {"path":"C:\\Users\\Raul\\Desktop\\Projetos\\girsu-kingdom\\client\\src\\pages\\login\\Login.tsx","statementMap":{"0":{"start":{"line":8,"column":21},"end":{"line":43,"column":1}},"1":{"start":{"line":9,"column":28},"end":{"line":9,"column":40}},"2":{"start":{"line":10,"column":34},"end":{"line":10,"column":46}},"3":{"start":{"line":12,"column":2},"end":{"line":42,"column":4}},"4":{"start":{"line":23,"column":53},"end":{"line":23,"column":77}},"5":{"start":{"line":24,"column":47},"end":{"line":24,"column":74}}},"fnMap":{"0":{"name":"(anonymous_0)","decl":{"start":{"line":8,"column":21},"end":{"line":8,"column":22}},"loc":{"start":{"line":8,"column":27},"end":{"line":43,"column":1}},"line":8},"1":{"name":"(anonymous_1)","decl":{"start":{"line":23,"column":46},"end":{"line":23,"column":47}},"loc":{"start":{"line":23,"column":53},"end":{"line":23,"column":77}},"line":23},"2":{"name":"(anonymous_2)","decl":{"start":{"line":24,"column":40},"end":{"line":24,"column":41}},"loc":{"start":{"line":24,"column":47},"end":{"line":24,"column":74}},"line":24}},"branchMap":{},"s":{"0":1,"1":3,"2":3,"3":3,"4":0,"5":0},"f":{"0":3,"1":0,"2":0},"b":{},"_coverageSchema":"1a1c01bbd47fc00a2c39e90264f33305004495a9","hash":"e0f94c4172111e00316dfe6db07df5249e11774f"}
}
