TN:
SF:src\components\titleInput\TitleInput.tsx
FN:9,(anonymous_0)
FNF:1
FNH:1
FNDA:5,(anonymous_0)
DA:9,1
DA:10,5
LF:2
LH:2
BRF:0
BRH:0
end_of_record
TN:
SF:src\components\titlePasswordInput\TitlePasswordInput.tsx
FN:8,(anonymous_0)
FN:30,(anonymous_1)
FNF:2
FNH:1
FNDA:5,(anonymous_0)
FNDA:0,(anonymous_1)
DA:8,1
DA:9,5
DA:10,5
DA:30,0
LF:4
LH:3
BRDA:21,0,0,0
BRDA:21,0,1,5
BRDA:36,1,0,0
BRDA:36,1,1,5
BRF:4
BRH:2
end_of_record
TN:
SF:src\pages\login\Login.tsx
FN:8,(anonymous_0)
FN:23,(anonymous_1)
FN:24,(anonymous_2)
FNF:3
FNH:3
FNDA:5,(anonymous_0)
FNDA:1,(anonymous_1)
FNDA:1,(anonymous_2)
DA:8,1
DA:9,5
DA:10,5
DA:12,5
DA:23,1
DA:24,1
LF:6
LH:6
BRF:0
BRH:0
end_of_record
